<?xml version="1.0" encoding="UTF-8"?>
<!-- Generated by org.testng.reporters.JUnitReportReporter -->
<testsuite hostname="DESKTOP-LNT56P9" failures="0" tests="1" name="datadriventesting.LoginToActitime" time="149.679" errors="0" timestamp="2023-07-03T23:50:08 IST" skipped="0">
  <testcase classname="datadriventesting.LoginToActitime" name="loginActitimeTest" time="149.679"/>
  <system-out/>
</testsuite> <!-- datadriventesting.LoginToActitime -->
