<?xml version="1.0" encoding="UTF-8"?>
<!-- Generated by org.testng.reporters.JUnitReportReporter -->
<testsuite hostname="DESKTOP-LNT56P9" failures="0" tests="1" name="testscript.CustomerModule" time="20.248" errors="0" timestamp="2023-07-29T21:57:45 IST" skipped="0">
  <testcase classname="testscript.CustomerModule" name="customerModule" time="20.248">
    <system-out>
      <![CDATA[createCustomer]]>
    </system-out>
  </testcase> <!-- customerModule -->
  <system-out>
    <![CDATA[createCustomer]]>
  </system-out>
</testsuite> <!-- testscript.CustomerModule -->
